<?xml version="1.0" encoding="UTF-8" standalone="no"?>
<testsuite failures="0" name="cucumber.runtime.formatter.JUnitFormatter" skipped="0" tests="1" time="54.046779">
    <testcase classname="Gmail Login and attachment feature test" name="Login with corrrect user name and password and Compose email with attachment to send an email" time="54.046779">
        <system-out><![CDATA[Given Valid user logs in to Gmail with username and password................passed
When User logged in using user name and password navigates to gmail inbox...passed
And User need to click on compose email button..............................passed
And User need to add text in subject and body of email......................passed
And User need to click on add attachment....................................passed
And User need to add email reciepient.......................................passed
Then User click on send button..............................................passed
]]></system-out>
    </testcase>
</testsuite>
